f:\university\study\c++\harry\leetcode\debug\vc142.pdb
f:\university\study\c++\harry\leetcode\debug\vc142.idb
f:\university\study\c++\harry\leetcode\debug\main.obj
f:\university\study\c++\harry\leetcode\debug\2.两数相加.obj
f:\university\study\c++\harry\leetcode\debug\1.两数之和.obj
f:\university\study\c++\harry\leetcode\debug\35.搜索插入位置.obj
f:\university\study\c++\harry\leetcode\debug\3.无重复字符的最长子串.obj
f:\university\study\c++\harry\leetcode\debug\4.寻找两个正序数组的中位数.obj
f:\university\study\c++\harry\leetcode\debug\167. 两数之和 ii - 输入有序数组.obj
f:\university\study\c++\harry\leetcode\debug\95.不同的二叉搜索树.obj
f:\university\study\c++\harry\leetcode\debug\5. 最长回文子串.obj
f:\university\study\c++\harry\leetcode\debug\64.最小路径和.obj
f:\university\study\c++\harry\leetcode\debug\6.z字形变换.obj
f:\university\study\c++\harry\leetcode\debug\410.分割数组的最大值.obj
f:\university\study\c++\harry\leetcode\debug\7.整数反转.obj
f:\university\study\c++\harry\leetcode\debug\392.判断子序列.obj
f:\university\study\c++\harry\leetcode\debug\104.二叉树的最大深度.obj
f:\university\study\c++\harry\leetcode\debug\8.字符串转换整数.obj
f:\university\study\c++\harry\leetcode\debug\343.整数拆分.obj
f:\university\study\c++\harry\leetcode\debug\08.03.魔术索引.obj
f:\university\study\c++\harry\leetcode\debug\9.回文数.obj
f:\university\study\c++\harry\leetcode\debug\10.正则表达式匹配.obj
f:\university\study\c++\harry\leetcode\debug\114.二叉树展开为链表.obj
f:\university\study\c++\harry\leetcode\debug\415.字符串相加.obj
f:\university\study\c++\harry\leetcode\debug\207.课程表.obj
f:\university\study\c++\harry\leetcode\debug\337.打家劫舍2.obj
f:\university\study\c++\harry\leetcode\debug\11.盛最多的水.obj
f:\university\study\c++\harry\leetcode\debug\100.obj
f:\university\study\c++\harry\leetcode\debug\99.恢复二叉搜索树.obj
f:\university\study\c++\harry\leetcode\debug\100.相同的树.obj
f:\university\study\c++\harry\leetcode\debug\93.复原ip地址.obj
f:\university\study\c++\harry\leetcode\debug\696.计数二进制子串.obj
f:\university\study\c++\harry\leetcode\debug\130.被围绕的区域.obj
f:\university\study\c++\harry\leetcode\debug\133.克隆图.obj
f:\university\study\c++\harry\leetcode\debug\43.字符串相乘.obj
f:\university\study\c++\harry\leetcode\debug\20.有效的括号.obj
f:\university\study\c++\harry\leetcode\debug\733.图像渲染.obj
f:\university\study\c++\harry\leetcode\debug\leetcode.exe
f:\university\study\c++\harry\leetcode\debug\leetcode.ilk
f:\university\study\c++\harry\leetcode\debug\leetcode.pdb
f:\university\study\c++\harry\leetcode\debug\10.正则表达式匹配.obj.enc
f:\university\study\c++\harry\leetcode\debug\130.被围绕的区域.obj.enc
f:\university\study\c++\harry\leetcode\debug\133.克隆图.obj.enc
f:\university\study\c++\harry\leetcode\debug\167. 两数之和 ii - 输入有序数组.obj.enc
f:\university\study\c++\harry\leetcode\debug\20.有效的括号.obj.enc
f:\university\study\c++\harry\leetcode\debug\207.课程表.obj.enc
f:\university\study\c++\harry\leetcode\debug\343.整数拆分.obj.enc
f:\university\study\c++\harry\leetcode\debug\4.寻找两个正序数组的中位数.obj.enc
f:\university\study\c++\harry\leetcode\debug\415.字符串相加.obj.enc
f:\university\study\c++\harry\leetcode\debug\43.字符串相乘.obj.enc
f:\university\study\c++\harry\leetcode\debug\5. 最长回文子串.obj.enc
f:\university\study\c++\harry\leetcode\debug\64.最小路径和.obj.enc
f:\university\study\c++\harry\leetcode\debug\696.计数二进制子串.obj.enc
f:\university\study\c++\harry\leetcode\debug\93.复原ip地址.obj.enc
f:\university\study\c++\harry\leetcode\debug\95.不同的二叉搜索树.obj.enc
f:\university\study\c++\harry\leetcode\debug\99.恢复二叉搜索树.obj.enc
f:\university\study\c++\harry\leetcode\debug\main.obj.enc
f:\university\study\c++\harry\leetcode\debug\leetcode.tlog\cl.command.1.tlog
f:\university\study\c++\harry\leetcode\debug\leetcode.tlog\cl.read.1.tlog
f:\university\study\c++\harry\leetcode\debug\leetcode.tlog\cl.write.1.tlog
f:\university\study\c++\harry\leetcode\debug\leetcode.tlog\link.command.1.tlog
f:\university\study\c++\harry\leetcode\debug\leetcode.tlog\link.read.1.tlog
f:\university\study\c++\harry\leetcode\debug\leetcode.tlog\link.write.1.tlog
